RUN	RecordedSimulation	recordedsimulation	1676057499529	?	3.9.0
USER	RecordedSimulation	START	1676057500128
REQUEST		request_0	1676057500127	1676057500289	OK	 
REQUEST		favicon.ico	1676057500333	1676057500392	OK	 
REQUEST		main.5df37fc0d195bfc1.js	1676057500334	1676057500445	OK	 
REQUEST		request_1	1676057500394	1676057500482	OK	 
REQUEST		loading.css	1676057500333	1676057500501	OK	 
REQUEST		runtime.7cbb17a58382fa99.js	1676057500334	1676057500513	OK	 
REQUEST		request_3	1676057500446	1676057500516	OK	 
REQUEST		request_4	1676057500483	1676057500558	OK	 
REQUEST		polyfills.f33c9acbe5b6586e.js	1676057500334	1676057500570	OK	 
REQUEST		request_6	1676057500514	1676057500577	OK	 
REQUEST		request_5	1676057500512	1676057500590	OK	 
REQUEST		styles.ba2e5d9ea866ce22.css	1676057500333	1676057500628	OK	 
REQUEST		request_10	1676057500570	1676057500689	OK	 
REQUEST		request_7	1676057500517	1676057500690	OK	 
REQUEST		request_13	1676057500634	1676057500704	OK	 
REQUEST		request_11	1676057500577	1676057500704	OK	 
REQUEST		request_14	1676057500689	1676057500758	OK	 
REQUEST		request_12	1676057500590	1676057500778	OK	 
REQUEST		request_8	1676057500560	1676057500870	OK	 
REQUEST		request_15	1676057511874	1676057511938	OK	 
REQUEST		request_16	1676057511939	1676057512002	OK	 
REQUEST		request_17	1676057517012	1676057518185	OK	 
REQUEST		request_18	1676057518187	1676057518562	OK	 
REQUEST		request_19	1676057536565	1676057536642	OK	 
REQUEST		request_20	1676057536644	1676057537095	OK	 
REQUEST		request_21	1676057536644	1676057537184	OK	 
REQUEST		request_22	1676057536645	1676057537884	OK	 
REQUEST		request_23	1676057547887	1676057548634	OK	 
REQUEST		request_24	1676057548635	1676057548805	OK	 
REQUEST		request_25	1676057559809	1676057559922	OK	 
REQUEST		request_26	1676057559924	1676057560025	OK	 
REQUEST		request_27	1676057571028	1676057571159	OK	 
REQUEST		request_28	1676057571160	1676057571251	OK	 
REQUEST		request_29	1676057578254	1676057578334	OK	 
REQUEST		request_30	1676057578336	1676057578459	OK	 
REQUEST		request_31	1676057579462	1676057579559	OK	 
REQUEST		request_32	1676057592562	1676057592669	OK	 
REQUEST		request_33	1676057592671	1676057592766	OK	 
REQUEST		request_34	1676057593769	1676057593875	OK	 
REQUEST		request_35	1676057603879	1676057603962	OK	 
REQUEST		request_36	1676057603963	1676057604071	OK	 
REQUEST		request_37	1676057605074	1676057605167	OK	 
REQUEST		request_38	1676057620170	1676057620266	OK	 
REQUEST		request_39	1676057620268	1676057620404	OK	 
USER	RecordedSimulation	END	1676057620410
